<?xml version="1.0" encoding="UTF-8"?>
<testsuite name="BarThreadTest" tests="1" skipped="0" failures="0" errors="0" timestamp="2024-11-19T14:54:05" hostname="DESKTOP-3RNFUE4" time="0.017">
  <properties/>
  <testcase name="runTest()" classname="BarThreadTest" time="0.017"/>
  <system-out><![CDATA[bar]]></system-out>
  <system-err><![CDATA[]]></system-err>
</testsuite>
